<?xml version="1.0" encoding="UTF-8"?>
<!-- Generated by org.testng.reporters.JUnitReportReporter -->
<testsuite hostname="DESKTOP-RK086OU" failures="0" tests="4" name="com.HRM.Testpages.LoginHome_pageFunctionality_test" time="40.096" errors="0" timestamp="2022-12-24T22:19:41 IST" skipped="0">
  <testcase classname="com.HRM.Testpages.LoginHome_pageFunctionality_test" name="Validate_PrinterSettings" time="0.002"/>
  <system-out/>
  <testcase classname="com.HRM.Testpages.LoginHome_pageFunctionality_test" name="Validate_ValidSendkeys" time="16.621"/>
  <system-out/>
  <testcase classname="com.HRM.Testpages.LoginHome_pageFunctionality_test" name="Validate_HomePageText" time="5.122"/>
  <system-out/>
  <testcase classname="com.HRM.Testpages.LoginHome_pageFunctionality_test" name="Validate_adminSlide" time="18.351"/>
  <system-out/>
</testsuite> <!-- com.HRM.Testpages.LoginHome_pageFunctionality_test -->
