<?xml version="1.0" encoding="UTF-8"?>
<!-- Generated by org.testng.reporters.JUnitReportReporter -->
<testsuite hostname="DESKTOP-RK086OU" failures="0" tests="3" name="com.HRM.Testpages.LoginpageTest" time="20.870" errors="0" timestamp="2022-12-11T19:47:22 IST" skipped="0">
  <testcase classname="com.HRM.Testpages.LoginpageTest" name="validation_printText" time="0.012"/>
  <system-out/>
  <testcase classname="com.HRM.Testpages.LoginpageTest" name="validation_printTexts" time="10.721"/>
  <system-out/>
  <testcase classname="com.HRM.Testpages.LoginpageTest" name="validation_printTextss" time="10.137"/>
  <system-out/>
</testsuite> <!-- com.HRM.Testpages.LoginpageTest -->
