<?xml version="1.0" encoding="UTF-8"?>
<!-- Generated by org.testng.reporters.JUnitReportReporter -->
<testsuite hostname="DESKTOP-RK086OU" failures="0" tests="4" name="com.HRM.Testpages.organizationTestpage" time="47.441" errors="0" timestamp="2022-12-24T22:51:55 IST" skipped="0">
  <testcase classname="com.HRM.Testpages.organizationTestpage" name="Validate_PrinterSettings" time="0.014"/>
  <system-out/>
  <testcase classname="com.HRM.Testpages.organizationTestpage" name="Validate_ValidSendkeys" time="25.853"/>
  <system-out/>
  <testcase classname="com.HRM.Testpages.organizationTestpage" name="Validate_organizationPage" time="8.257"/>
  <system-out/>
  <testcase classname="com.HRM.Testpages.organizationTestpage" name="Validate_sendkeys" time="13.317"/>
  <system-out/>
</testsuite> <!-- com.HRM.Testpages.organizationTestpage -->
