<?xml version="1.0" encoding="UTF-8"?>
<!-- Generated by org.testng.reporters.JUnitReportReporter -->
<testsuite hostname="DESKTOP-RK086OU" failures="0" tests="3" name="com.HRM.Testpages.AddEmployee" time="54.864" errors="0" timestamp="2022-12-24T22:19:41 IST" skipped="0">
  <testcase classname="com.HRM.Testpages.AddEmployee" name="Validate_PrinterSettings" time="0.012"/>
  <system-out/>
  <testcase classname="com.HRM.Testpages.AddEmployee" name="Validate_ValidSendkeys" time="23.302"/>
  <system-out/>
  <testcase classname="com.HRM.Testpages.AddEmployee" name="Validate_Addemployee_click" time="31.550"/>
  <system-out/>
</testsuite> <!-- com.HRM.Testpages.AddEmployee -->
