<?xml version="1.0" encoding="UTF-8"?>
<!-- Generated by org.testng.reporters.JUnitReportReporter -->
<testsuite hostname="DESKTOP-RK086OU" failures="0" tests="8" name="com.HRM.Testpages.jobTitle_testPage" time="70.800" errors="0" timestamp="2022-12-24T22:19:41 IST" skipped="0">
  <testcase classname="com.HRM.Testpages.jobTitle_testPage" name="Validate_PrinterSettings" time="0.001"/>
  <system-out/>
  <testcase classname="com.HRM.Testpages.jobTitle_testPage" name="Validate_ValidSendkeys" time="22.719"/>
  <system-out/>
  <testcase classname="com.HRM.Testpages.jobTitle_testPage" name="Validate_headerText" time="8.245"/>
  <system-out/>
  <testcase classname="com.HRM.Testpages.jobTitle_testPage" name="Validate_JobTitleText" time="8.787"/>
  <system-out/>
  <testcase classname="com.HRM.Testpages.jobTitle_testPage" name="Validate_PayGradesText" time="8.820"/>
  <system-out/>
  <testcase classname="com.HRM.Testpages.jobTitle_testPage" name="Validate_Employment_StatusText" time="8.846"/>
  <system-out/>
  <testcase classname="com.HRM.Testpages.jobTitle_testPage" name="Validate_Job_CategoriesText" time="8.750"/>
  <system-out/>
  <testcase classname="com.HRM.Testpages.jobTitle_testPage" name="Validate_Work_ShiftsText" time="4.632"/>
  <system-out/>
</testsuite> <!-- com.HRM.Testpages.jobTitle_testPage -->
